
Nov 18, 2020 12:06:00.740 NEW SESSION
Nov 18, 2020 12:06:00.741 [1118/120600.734:ERROR:directory_reader_win.cc(43)] FindFirstFile: The system cannot find the path specified. (0x3)
Nov 18, 2020 12:44:42.707 [8976:6164:1118/124442.706:ERROR:connection_factory_impl.cc(428)] Failed to connect to MCS endpoint with error -106
Nov 18, 2020 12:45:07.877 [8976:6164:1118/124507.877:ERROR:connection_factory_impl.cc(428)] Failed to connect to MCS endpoint with error -106
Nov 18, 2020 14:13:42.675 [8976:6164:1118/141342.674:ERROR:connection_factory_impl.cc(428)] Failed to connect to MCS endpoint with error -106
Nov 18, 2020 14:14:08.290 [8976:6164:1118/141408.289:ERROR:connection_factory_impl.cc(428)] Failed to connect to MCS endpoint with error -106
Nov 18, 2020 18:22:18.257 [8976:6164:1118/182218.256:ERROR:connection_factory_impl.cc(428)] Failed to connect to MCS endpoint with error -105
Nov 18, 2020 18:23:12.747 [8976:6164:1118/182312.746:ERROR:connection_factory_impl.cc(428)] Failed to connect to MCS endpoint with error -7

Dec 14, 2020 15:04:00.290 NEW SESSION
Dec 14, 2020 15:04:00.291 [5720:1468:1214/150400.288:ERROR:device_event_log_impl.cc(211)] [15:04:00.288] USB: usb_device_handle_win.cc:1020 Failed to read descriptor from node connection: A device attached to the system is not functioning. (0x1F)
Dec 14, 2020 15:04:00.326 [5720:1468:1214/150400.288:ERROR:device_event_log_impl.cc(211)] [15:04:00.289] USB: usb_device_handle_win.cc:1020 Failed to read descriptor from node connection: A device attached to the system is not functioning. (0x1F)
Dec 14, 2020 15:13:52.677 [1214/151352.676:ERROR:directory_reader_win.cc(43)] FindFirstFile: The system cannot find the path specified. (0x3)

Dec 31, 2020 11:10:29.632 NEW SESSION
Dec 31, 2020 11:10:29.632 [12920:17144:1231/111029.629:ERROR:device_event_log_impl.cc(211)] [11:10:29.629] USB: usb_device_handle_win.cc:1020 Failed to read descriptor from node connection: A device attached to the system is not functioning. (0x1F)
Dec 31, 2020 11:10:29.652 [12920:17144:1231/111029.629:ERROR:device_event_log_impl.cc(211)] [11:10:29.629] USB: usb_device_handle_win.cc:1020 Failed to read descriptor from node connection: A device attached to the system is not functioning. (0x1F)
Dec 31, 2020 11:16:57.949 [7716:6844:1231/111657.949:ERROR:device_event_log_impl.cc(211)] [11:16:57.949] USB: usb_device_handle_win.cc:1020 Failed to read descriptor from node connection: A device attached to the system is not functioning. (0x1F)
Dec 31, 2020 11:16:57.951 [7716:6844:1231/111657.950:ERROR:device_event_log_impl.cc(211)] [11:16:57.950] USB: usb_device_handle_win.cc:1020 Failed to read descriptor from node connection: A device attached to the system is not functioning. (0x1F)
Dec 31, 2020 11:24:39.425 [7716:6844:1231/112439.424:ERROR:CONSOLE(0)] "The source list for Content Security Policy directive 'font-src' contains an invalid source: 'https://chrome-extension://'. It will be ignored.", source: https://www.setmore.com/ (0)
Dec 31, 2020 11:26:45.400 [1231/112645.399:ERROR:directory_reader_win.cc(43)] FindFirstFile: The system cannot find the path specified. (0x3)
Dec 31, 2020 14:37:18.672 [7716:6844:1231/143718.671:ERROR:CONSOLE(1)] "No document", source: devtools://devtools/bundled/sdk/sdk.js (1)

Jan 03, 2021 20:53:33.255 NEW SESSION
Jan 03, 2021 20:53:33.255 [18648:16160:0103/205333.253:ERROR:device_event_log_impl.cc(211)] [20:53:33.253] USB: usb_device_handle_win.cc:1020 Failed to read descriptor from node connection: A device attached to the system is not functioning. (0x1F)
Jan 03, 2021 20:53:33.271 [18648:16160:0103/205333.253:ERROR:device_event_log_impl.cc(211)] [20:53:33.254] USB: usb_device_handle_win.cc:1020 Failed to read descriptor from node connection: A device attached to the system is not functioning. (0x1F)
Jan 03, 2021 21:03:20.23 [0103/210320.021:ERROR:directory_reader_win.cc(43)] FindFirstFile: The system cannot find the path specified. (0x3)

Jan 05, 2021 09:44:16.214 NEW SESSION
Jan 05, 2021 09:44:16.214 [18416:11604:0105/094416.212:ERROR:device_event_log_impl.cc(211)] [09:44:16.211] USB: usb_device_handle_win.cc:1020 Failed to read descriptor from node connection: A device attached to the system is not functioning. (0x1F)
Jan 05, 2021 09:53:56.225 [0105/095356.221:ERROR:directory_reader_win.cc(43)] FindFirstFile: The system cannot find the path specified. (0x3)
Jan 05, 2021 10:26:47.834 [18416:11604:0105/102647.833:ERROR:CONSOLE(1)] "Connection is closed, can't dispatch pending call", source: devtools://devtools/bundled/sdk/sdk.js (1)
Jan 05, 2021 10:50:09.490 [18416:11604:0105/105009.489:ERROR:device_event_log_impl.cc(211)] [10:50:09.489] USB: usb_service_win.cc:258 Failed to get device driver name: Element not found. (0x490)
Jan 05, 2021 11:22:15.420 [18416:11604:0105/112215.419:ERROR:CONSOLE(0)] "The source list for Content Security Policy directive 'font-src' contains an invalid source: 'https://chrome-extension://'. It will be ignored.", source: https://www.setmore.com/ (0)
Jan 05, 2021 11:36:12.385 [18416:11604:0105/113612.385:ERROR:CONSOLE(1)] "No document", source: devtools://devtools/bundled/sdk/sdk.js (1)
Jan 05, 2021 11:36:44.555 [18416:11604:0105/113644.555:ERROR:CONSOLE(1)] "No document", source: devtools://devtools/bundled/sdk/sdk.js (1)
Jan 05, 2021 11:36:48.548 [18416:11604:0105/113648.548:ERROR:CONSOLE(1)] "No document", source: devtools://devtools/bundled/sdk/sdk.js (1)
Jan 05, 2021 11:36:53.945 [18416:11604:0105/113653.945:ERROR:CONSOLE(1)] "No document", source: devtools://devtools/bundled/sdk/sdk.js (1)
Jan 05, 2021 11:37:36.389 [18416:11604:0105/113736.389:ERROR:CONSOLE(1)] "No document", source: devtools://devtools/bundled/sdk/sdk.js (1)
Jan 05, 2021 11:39:09.464 [18416:11604:0105/113909.463:ERROR:CONSOLE(1)] "No document", source: devtools://devtools/bundled/sdk/sdk.js (1)
Jan 05, 2021 11:39:40.263 [18416:11604:0105/113940.262:ERROR:CONSOLE(1)] "No document", source: devtools://devtools/bundled/sdk/sdk.js (1)
Jan 05, 2021 11:39:41.991 [18416:11604:0105/113941.990:ERROR:CONSOLE(1)] "No document", source: devtools://devtools/bundled/sdk/sdk.js (1)
Jan 05, 2021 11:39:53.601 [18416:11604:0105/113953.601:ERROR:CONSOLE(1)] "No document", source: devtools://devtools/bundled/sdk/sdk.js (1)
Jan 05, 2021 11:40:20.818 [18416:11604:0105/114020.818:ERROR:CONSOLE(1)] "No document", source: devtools://devtools/bundled/sdk/sdk.js (1)
Jan 05, 2021 11:48:08.592 [18416:11604:0105/114808.591:ERROR:CONSOLE(1)] "No document", source: devtools://devtools/bundled/sdk/sdk.js (1)
Jan 05, 2021 11:52:27.903 [18416:11604:0105/115227.903:ERROR:CONSOLE(1)] "No document", source: devtools://devtools/bundled/sdk/sdk.js (1)
Jan 05, 2021 11:53:48.477 [18416:11604:0105/115348.476:ERROR:CONSOLE(1)] "No document", source: devtools://devtools/bundled/sdk/sdk.js (1)
Jan 05, 2021 11:56:49.648 [18416:11604:0105/115649.646:ERROR:CONSOLE(1)] "No document", source: devtools://devtools/bundled/sdk/sdk.js (1)
Jan 05, 2021 11:57:09.32 [18416:11604:0105/115709.031:ERROR:CONSOLE(1)] "No document", source: devtools://devtools/bundled/sdk/sdk.js (1)
Jan 05, 2021 12:06:38.906 [18416:11604:0105/120638.906:ERROR:CONSOLE(1)] "No document", source: devtools://devtools/bundled/sdk/sdk.js (1)
Jan 05, 2021 12:12:51.773 [18416:11604:0105/121251.773:ERROR:CONSOLE(1)] "No document", source: devtools://devtools/bundled/sdk/sdk.js (1)
Jan 05, 2021 12:14:00.924 [18416:11604:0105/121400.923:ERROR:CONSOLE(1)] "No document", source: devtools://devtools/bundled/sdk/sdk.js (1)
Jan 05, 2021 12:49:37.737 [18416:11604:0105/124937.736:ERROR:CONSOLE(1)] "No document", source: devtools://devtools/bundled/sdk/sdk.js (1)
Jan 05, 2021 12:49:39.949 [18416:11604:0105/124939.949:ERROR:CONSOLE(1)] "No document", source: devtools://devtools/bundled/sdk/sdk.js (1)
Jan 05, 2021 12:52:12.960 [18416:11604:0105/125212.959:ERROR:CONSOLE(1)] "No document", source: devtools://devtools/bundled/sdk/sdk.js (1)
Jan 05, 2021 12:52:21.248 [18416:11604:0105/125221.248:ERROR:CONSOLE(1)] "No document", source: devtools://devtools/bundled/sdk/sdk.js (1)
Jan 05, 2021 12:52:50.809 [18416:11604:0105/125250.808:ERROR:CONSOLE(1)] "No document", source: devtools://devtools/bundled/sdk/sdk.js (1)
Jan 05, 2021 12:57:46.738 [18416:11604:0105/125746.737:ERROR:CONSOLE(1)] "No document", source: devtools://devtools/bundled/sdk/sdk.js (1)
Jan 05, 2021 13:05:26.306 [18416:11604:0105/130526.305:ERROR:CONSOLE(1)] "No document", source: devtools://devtools/bundled/sdk/sdk.js (1)
Jan 05, 2021 14:48:45.795 [18416:11604:0105/144845.795:ERROR:CONSOLE(1)] "No document", source: devtools://devtools/bundled/sdk/sdk.js (1)
Jan 05, 2021 14:48:55.692 [18416:11604:0105/144855.691:ERROR:CONSOLE(1)] "No document", source: devtools://devtools/bundled/sdk/sdk.js (1)
Jan 05, 2021 14:50:40.215 [18416:11604:0105/145040.214:ERROR:CONSOLE(1)] "No document", source: devtools://devtools/bundled/sdk/sdk.js (1)
Jan 05, 2021 14:50:55.165 [18416:11604:0105/145055.165:ERROR:CONSOLE(1)] "No document", source: devtools://devtools/bundled/sdk/sdk.js (1)
Jan 05, 2021 14:51:16.532 [18416:11604:0105/145116.531:ERROR:CONSOLE(1)] "No document", source: devtools://devtools/bundled/sdk/sdk.js (1)
Jan 05, 2021 14:51:43.511 [18416:11604:0105/145143.510:ERROR:CONSOLE(1)] "No document", source: devtools://devtools/bundled/sdk/sdk.js (1)
Jan 05, 2021 14:51:51.858 [18416:11604:0105/145151.858:ERROR:CONSOLE(1)] "No document", source: devtools://devtools/bundled/sdk/sdk.js (1)
Jan 05, 2021 14:52:17.833 [18416:11604:0105/145217.833:ERROR:CONSOLE(1)] "No document", source: devtools://devtools/bundled/sdk/sdk.js (1)
Jan 05, 2021 14:52:26.549 [18416:11604:0105/145226.549:ERROR:CONSOLE(1)] "No document", source: devtools://devtools/bundled/sdk/sdk.js (1)
Jan 05, 2021 15:03:51.842 [18416:11604:0105/150351.841:ERROR:CONSOLE(1)] "No document", source: devtools://devtools/bundled/sdk/sdk.js (1)
Jan 05, 2021 15:04:39.154 [18416:11604:0105/150439.153:ERROR:CONSOLE(1)] "No document", source: devtools://devtools/bundled/sdk/sdk.js (1)
Jan 05, 2021 16:00:47.989 [18416:11604:0105/160047.989:ERROR:CONSOLE(1)] "No document", source: devtools://devtools/bundled/sdk/sdk.js (1)
Jan 05, 2021 16:08:42.917 [18416:11604:0105/160842.916:ERROR:CONSOLE(1)] "No document", source: devtools://devtools/bundled/sdk/sdk.js (1)
Jan 05, 2021 16:08:53.16 [18416:11604:0105/160853.015:ERROR:CONSOLE(1)] "No document", source: devtools://devtools/bundled/sdk/sdk.js (1)
Jan 05, 2021 16:08:54.247 [18416:11604:0105/160854.247:ERROR:CONSOLE(1)] "No document", source: devtools://devtools/bundled/sdk/sdk.js (1)
Jan 05, 2021 16:08:55.401 [18416:11604:0105/160855.400:ERROR:CONSOLE(1)] "No document", source: devtools://devtools/bundled/sdk/sdk.js (1)
Jan 05, 2021 16:08:57.222 [18416:11604:0105/160857.222:ERROR:CONSOLE(1)] "No document", source: devtools://devtools/bundled/sdk/sdk.js (1)
Jan 05, 2021 16:08:59.149 [18416:11604:0105/160859.149:ERROR:CONSOLE(1)] "No document", source: devtools://devtools/bundled/sdk/sdk.js (1)
Jan 05, 2021 16:09:04.765 [18416:11604:0105/160904.765:ERROR:CONSOLE(1)] "No document", source: devtools://devtools/bundled/sdk/sdk.js (1)
Jan 05, 2021 16:13:48.807 [18416:11604:0105/161348.806:ERROR:CONSOLE(1)] "No document", source: devtools://devtools/bundled/sdk/sdk.js (1)
Jan 05, 2021 16:13:50.991 [18416:11604:0105/161350.990:ERROR:CONSOLE(1)] "No document", source: devtools://devtools/bundled/sdk/sdk.js (1)
Jan 05, 2021 16:14:02.517 [18416:11604:0105/161402.516:ERROR:CONSOLE(1)] "No document", source: devtools://devtools/bundled/sdk/sdk.js (1)
Jan 05, 2021 16:14:07.773 [18416:11604:0105/161407.773:ERROR:CONSOLE(1)] "No document", source: devtools://devtools/bundled/sdk/sdk.js (1)
Jan 05, 2021 16:14:11.845 [18416:11604:0105/161411.844:ERROR:CONSOLE(1)] "No document", source: devtools://devtools/bundled/sdk/sdk.js (1)
Jan 05, 2021 16:14:12.708 [18416:11604:0105/161412.707:ERROR:CONSOLE(1)] "No document", source: devtools://devtools/bundled/sdk/sdk.js (1)
Jan 05, 2021 16:14:13.502 [18416:11604:0105/161413.502:ERROR:CONSOLE(1)] "No document", source: devtools://devtools/bundled/sdk/sdk.js (1)
Jan 05, 2021 17:03:14.688 [18416:11604:0105/170314.686:ERROR:CONSOLE(1)] "No document", source: devtools://devtools/bundled/sdk/sdk.js (1)
Jan 05, 2021 17:50:36.931 [18416:11604:0105/175036.931:ERROR:CONSOLE(0)] "The source list for Content Security Policy directive 'font-src' contains an invalid source: 'https://chrome-extension://'. It will be ignored.", source: https://www.setmore.com/ (0)
Jan 05, 2021 19:19:54.924 [18416:18520:0105/191954.923:ERROR:connection_factory_impl.cc(428)] Failed to connect to MCS endpoint with error -106
Jan 05, 2021 19:20:21.762 [18416:18520:0105/192021.761:ERROR:connection_factory_impl.cc(428)] Failed to connect to MCS endpoint with error -106
Jan 05, 2021 19:21:04.14 [18416:18520:0105/192104.014:ERROR:connection_factory_impl.cc(428)] Failed to connect to MCS endpoint with error -106
Jan 05, 2021 19:22:44.147 [18416:18520:0105/192244.146:ERROR:connection_factory_impl.cc(428)] Failed to connect to MCS endpoint with error -106
Jan 05, 2021 19:25:32.226 [18416:18520:0105/192532.226:ERROR:connection_factory_impl.cc(428)] Failed to connect to MCS endpoint with error -106
Jan 05, 2021 19:31:05.400 [18416:18520:0105/193105.399:ERROR:connection_factory_impl.cc(428)] Failed to connect to MCS endpoint with error -106
Jan 05, 2021 19:41:05.345 [18416:18520:0105/194105.345:ERROR:connection_factory_impl.cc(428)] Failed to connect to MCS endpoint with error -106
Jan 05, 2021 19:51:05.298 [18416:18520:0105/195105.297:ERROR:connection_factory_impl.cc(428)] Failed to connect to MCS endpoint with error -106
Jan 05, 2021 20:01:05.250 [18416:18520:0105/200105.249:ERROR:connection_factory_impl.cc(428)] Failed to connect to MCS endpoint with error -106
Jan 05, 2021 20:09:05.848 [18416:11604:0105/200905.847:ERROR:CONSOLE(1)] "No document", source: devtools://devtools/bundled/sdk/sdk.js (1)
Jan 05, 2021 20:10:17.78 [18416:11604:0105/201017.077:ERROR:CONSOLE(1)] "No document", source: devtools://devtools/bundled/sdk/sdk.js (1)
Jan 05, 2021 20:11:43.423 [18416:11604:0105/201143.422:ERROR:CONSOLE(1)] "No document", source: devtools://devtools/bundled/sdk/sdk.js (1)
Jan 05, 2021 20:12:56.546 [18416:11604:0105/201256.545:ERROR:CONSOLE(1)] "No document", source: devtools://devtools/bundled/sdk/sdk.js (1)
Jan 05, 2021 20:13:00.455 [18416:11604:0105/201300.455:ERROR:CONSOLE(1)] "No document", source: devtools://devtools/bundled/sdk/sdk.js (1)
Jan 05, 2021 20:13:13.873 [18416:11604:0105/201313.872:ERROR:CONSOLE(1)] "No document", source: devtools://devtools/bundled/sdk/sdk.js (1)
